<?xml version="1.0" encoding="UTF-8"?>
<testsuite name="com.sobngwi.repositories.InMemoryAccountRepositoryTest" tests="6" skipped="0" failures="0" errors="0" timestamp="2016-03-13T13:42:07" hostname="MBP-de-Alain" time="0.017">
  <properties/>
  <testcase name="testCreateAccount" classname="com.sobngwi.repositories.InMemoryAccountRepositoryTest" time="0.009"/>
  <testcase name="testGetAccount" classname="com.sobngwi.repositories.InMemoryAccountRepositoryTest" time="0.0"/>
  <testcase name="testUpdateAccount" classname="com.sobngwi.repositories.InMemoryAccountRepositoryTest" time="0.001"/>
  <testcase name="testGetAccounts" classname="com.sobngwi.repositories.InMemoryAccountRepositoryTest" time="0.001"/>
  <testcase name="testGetNumberOfAccounts" classname="com.sobngwi.repositories.InMemoryAccountRepositoryTest" time="0.001"/>
  <testcase name="testDeleteAccount" classname="com.sobngwi.repositories.InMemoryAccountRepositoryTest" time="0.001"/>
  <system-out><![CDATA[]]></system-out>
  <system-err><![CDATA[mars 13, 2016 2:42:06 PM org.springframework.test.context.support.DefaultTestContextBootstrapper getDefaultTestExecutionListenerClassNames
INFOS: Loaded default TestExecutionListener class names from location [META-INF/spring.factories]: [org.springframework.test.context.web.ServletTestExecutionListener, org.springframework.test.context.support.DirtiesContextBeforeModesTestExecutionListener, org.springframework.test.context.support.DependencyInjectionTestExecutionListener, org.springframework.test.context.support.DirtiesContextTestExecutionListener, org.springframework.test.context.transaction.TransactionalTestExecutionListener, org.springframework.test.context.jdbc.SqlScriptsTestExecutionListener]
mars 13, 2016 2:42:06 PM org.springframework.test.context.support.DefaultTestContextBootstrapper instantiateListeners
INFOS: Could not instantiate TestExecutionListener [org.springframework.test.context.web.ServletTestExecutionListener]. Specify custom listener classes or make the default listener classes (and their required dependencies) available. Offending class: [javax/servlet/ServletContext]
mars 13, 2016 2:42:06 PM org.springframework.test.context.support.DefaultTestContextBootstrapper getTestExecutionListeners
INFOS: Using TestExecutionListeners: [org.springframework.test.context.support.DirtiesContextBeforeModesTestExecutionListener@38240d23, org.springframework.test.context.support.DependencyInjectionTestExecutionListener@3abf29a, org.springframework.test.context.support.DirtiesContextTestExecutionListener@58ee3cf4, org.springframework.test.context.transaction.TransactionalTestExecutionListener@5cbf9f6f, org.springframework.test.context.jdbc.SqlScriptsTestExecutionListener@446adcce]
mars 13, 2016 2:42:06 PM org.springframework.context.support.GenericApplicationContext prepareRefresh
INFOS: Refreshing org.springframework.context.support.GenericApplicationContext@544b994f: startup date [Sun Mar 13 14:42:06 CET 2016]; root of context hierarchy
[Test worker] INFO com.sobngwi.entities.Account - Constructor is calling with id :[1], balance :[100.0]
[Test worker] INFO com.sobngwi.entities.Account - Constructor is calling with id :[2], balance :[120.0]
[Test worker] INFO com.sobngwi.entities.Account - Constructor is calling with id :[3], balance :[150.0]
[Test worker] INFO com.sobngwi.entities.Account - Constructor is calling with id :[4], balance :[250.00]
[Test worker] INFO com.sobngwi.entities.Account - Constructor is calling with id :[5], balance :[150.0]
]]></system-err>
</testsuite>
