<?xml version="1.0" encoding="UTF-8"?>
<testsuite name="com.sobngwi.repositories.JdbcAccountRepositoryTest" tests="6" skipped="0" failures="0" errors="0" timestamp="2016-03-13T13:42:07" hostname="MBP-de-Alain" time="0.123">
  <properties/>
  <testcase name="testCreateAccount" classname="com.sobngwi.repositories.JdbcAccountRepositoryTest" time="0.056"/>
  <testcase name="testGetAccount" classname="com.sobngwi.repositories.JdbcAccountRepositoryTest" time="0.004"/>
  <testcase name="testUpdateAccount" classname="com.sobngwi.repositories.JdbcAccountRepositoryTest" time="0.01"/>
  <testcase name="testGetAccounts" classname="com.sobngwi.repositories.JdbcAccountRepositoryTest" time="0.015"/>
  <testcase name="testGetNumberOfAccounts" classname="com.sobngwi.repositories.JdbcAccountRepositoryTest" time="0.009"/>
  <testcase name="testDeleteAccount" classname="com.sobngwi.repositories.JdbcAccountRepositoryTest" time="0.016"/>
  <system-out><![CDATA[]]></system-out>
  <system-err><![CDATA[mars 13, 2016 2:42:07 PM org.springframework.test.context.support.DefaultTestContextBootstrapper getDefaultTestExecutionListenerClassNames
INFOS: Loaded default TestExecutionListener class names from location [META-INF/spring.factories]: [org.springframework.test.context.web.ServletTestExecutionListener, org.springframework.test.context.support.DirtiesContextBeforeModesTestExecutionListener, org.springframework.test.context.support.DependencyInjectionTestExecutionListener, org.springframework.test.context.support.DirtiesContextTestExecutionListener, org.springframework.test.context.transaction.TransactionalTestExecutionListener, org.springframework.test.context.jdbc.SqlScriptsTestExecutionListener]
mars 13, 2016 2:42:07 PM org.springframework.test.context.support.DefaultTestContextBootstrapper instantiateListeners
INFOS: Could not instantiate TestExecutionListener [org.springframework.test.context.web.ServletTestExecutionListener]. Specify custom listener classes or make the default listener classes (and their required dependencies) available. Offending class: [javax/servlet/ServletContext]
mars 13, 2016 2:42:07 PM org.springframework.test.context.support.DefaultTestContextBootstrapper getTestExecutionListeners
INFOS: Using TestExecutionListeners: [org.springframework.test.context.support.DirtiesContextBeforeModesTestExecutionListener@6c77c6cd, org.springframework.test.context.support.DependencyInjectionTestExecutionListener@eedabcb, org.springframework.test.context.support.DirtiesContextTestExecutionListener@4a1ea797, org.springframework.test.context.transaction.TransactionalTestExecutionListener@11fd8afc, org.springframework.test.context.jdbc.SqlScriptsTestExecutionListener@43ee67a0]
mars 13, 2016 2:42:07 PM org.springframework.context.support.GenericApplicationContext prepareRefresh
INFOS: Refreshing org.springframework.context.support.GenericApplicationContext@20be2fe5: startup date [Sun Mar 13 14:42:07 CET 2016]; root of context hierarchy
mars 13, 2016 2:42:07 PM org.springframework.jdbc.datasource.embedded.EmbeddedDatabaseFactory initDatabase
INFOS: Starting embedded database: url='jdbc:h2:mem:7bb96b45-3bac-40b7-ada2-d2d377310d2f;DB_CLOSE_DELAY=-1;DB_CLOSE_ON_EXIT=false', username='sa'
mars 13, 2016 2:42:07 PM org.springframework.jdbc.datasource.init.ScriptUtils executeSqlScript
INFOS: Executing SQL script from class path resource [schema.sql]
mars 13, 2016 2:42:07 PM org.springframework.jdbc.datasource.init.ScriptUtils executeSqlScript
INFOS: Executed SQL script from class path resource [schema.sql] in 7 ms.
mars 13, 2016 2:42:07 PM org.springframework.jdbc.datasource.init.ScriptUtils executeSqlScript
INFOS: Executing SQL script from class path resource [data.sql]
mars 13, 2016 2:42:07 PM org.springframework.jdbc.datasource.init.ScriptUtils executeSqlScript
INFOS: Executed SQL script from class path resource [data.sql] in 3 ms.
mars 13, 2016 2:42:07 PM org.springframework.test.context.transaction.TransactionContext startTransaction
INFOS: Began transaction (1) for test context [DefaultTestContext@78e42dd testClass = JdbcAccountRepositoryTest, testInstance = com.sobngwi.repositories.JdbcAccountRepositoryTest@75c358c, testMethod = testCreateAccount@JdbcAccountRepositoryTest, testException = [null], mergedContextConfiguration = [MergedContextConfiguration@5549d804 testClass = JdbcAccountRepositoryTest, locations = '{}', classes = '{class com.sobngwi.config.AppConfig}', contextInitializerClasses = '[]', activeProfiles = '{prod, test}', propertySourceLocations = '{}', propertySourceProperties = '{}', contextLoader = 'org.springframework.test.context.support.DelegatingSmartContextLoader', parent = [null]]]; transaction manager [org.springframework.jdbc.datasource.DataSourceTransactionManager@34f9669d]; rollback [true]
[Test worker] INFO com.sobngwi.entities.Account - Constructor is calling with id :[4], balance :[250.00]
mars 13, 2016 2:42:07 PM org.springframework.test.context.transaction.TransactionContext endTransaction
INFOS: Rolled back transaction for test context [DefaultTestContext@78e42dd testClass = JdbcAccountRepositoryTest, testInstance = com.sobngwi.repositories.JdbcAccountRepositoryTest@75c358c, testMethod = testCreateAccount@JdbcAccountRepositoryTest, testException = [null], mergedContextConfiguration = [MergedContextConfiguration@5549d804 testClass = JdbcAccountRepositoryTest, locations = '{}', classes = '{class com.sobngwi.config.AppConfig}', contextInitializerClasses = '[]', activeProfiles = '{prod, test}', propertySourceLocations = '{}', propertySourceProperties = '{}', contextLoader = 'org.springframework.test.context.support.DelegatingSmartContextLoader', parent = [null]]].
mars 13, 2016 2:42:07 PM org.springframework.test.context.transaction.TransactionContext startTransaction
INFOS: Began transaction (1) for test context [DefaultTestContext@78e42dd testClass = JdbcAccountRepositoryTest, testInstance = com.sobngwi.repositories.JdbcAccountRepositoryTest@798cc87c, testMethod = testGetAccount@JdbcAccountRepositoryTest, testException = [null], mergedContextConfiguration = [MergedContextConfiguration@5549d804 testClass = JdbcAccountRepositoryTest, locations = '{}', classes = '{class com.sobngwi.config.AppConfig}', contextInitializerClasses = '[]', activeProfiles = '{prod, test}', propertySourceLocations = '{}', propertySourceProperties = '{}', contextLoader = 'org.springframework.test.context.support.DelegatingSmartContextLoader', parent = [null]]]; transaction manager [org.springframework.jdbc.datasource.DataSourceTransactionManager@34f9669d]; rollback [true]
[Test worker] INFO com.sobngwi.entities.Account - Constructor is calling with id :[1], balance :[100.0]
mars 13, 2016 2:42:07 PM org.springframework.test.context.transaction.TransactionContext endTransaction
INFOS: Rolled back transaction for test context [DefaultTestContext@78e42dd testClass = JdbcAccountRepositoryTest, testInstance = com.sobngwi.repositories.JdbcAccountRepositoryTest@798cc87c, testMethod = testGetAccount@JdbcAccountRepositoryTest, testException = [null], mergedContextConfiguration = [MergedContextConfiguration@5549d804 testClass = JdbcAccountRepositoryTest, locations = '{}', classes = '{class com.sobngwi.config.AppConfig}', contextInitializerClasses = '[]', activeProfiles = '{prod, test}', propertySourceLocations = '{}', propertySourceProperties = '{}', contextLoader = 'org.springframework.test.context.support.DelegatingSmartContextLoader', parent = [null]]].
mars 13, 2016 2:42:07 PM org.springframework.test.context.transaction.TransactionContext startTransaction
INFOS: Began transaction (1) for test context [DefaultTestContext@78e42dd testClass = JdbcAccountRepositoryTest, testInstance = com.sobngwi.repositories.JdbcAccountRepositoryTest@581faf4c, testMethod = testUpdateAccount@JdbcAccountRepositoryTest, testException = [null], mergedContextConfiguration = [MergedContextConfiguration@5549d804 testClass = JdbcAccountRepositoryTest, locations = '{}', classes = '{class com.sobngwi.config.AppConfig}', contextInitializerClasses = '[]', activeProfiles = '{prod, test}', propertySourceLocations = '{}', propertySourceProperties = '{}', contextLoader = 'org.springframework.test.context.support.DelegatingSmartContextLoader', parent = [null]]]; transaction manager [org.springframework.jdbc.datasource.DataSourceTransactionManager@34f9669d]; rollback [true]
[Test worker] INFO com.sobngwi.entities.Account - Constructor is calling with id :[1], balance :[100.0]
[Test worker] INFO com.sobngwi.entities.Account - Constructor is calling with id :[1], balance :[150.0]
mars 13, 2016 2:42:07 PM org.springframework.test.context.transaction.TransactionContext endTransaction
INFOS: Rolled back transaction for test context [DefaultTestContext@78e42dd testClass = JdbcAccountRepositoryTest, testInstance = com.sobngwi.repositories.JdbcAccountRepositoryTest@581faf4c, testMethod = testUpdateAccount@JdbcAccountRepositoryTest, testException = [null], mergedContextConfiguration = [MergedContextConfiguration@5549d804 testClass = JdbcAccountRepositoryTest, locations = '{}', classes = '{class com.sobngwi.config.AppConfig}', contextInitializerClasses = '[]', activeProfiles = '{prod, test}', propertySourceLocations = '{}', propertySourceProperties = '{}', contextLoader = 'org.springframework.test.context.support.DelegatingSmartContextLoader', parent = [null]]].
mars 13, 2016 2:42:07 PM org.springframework.test.context.transaction.TransactionContext startTransaction
INFOS: Began transaction (1) for test context [DefaultTestContext@78e42dd testClass = JdbcAccountRepositoryTest, testInstance = com.sobngwi.repositories.JdbcAccountRepositoryTest@57d8070e, testMethod = testGetAccounts@JdbcAccountRepositoryTest, testException = [null], mergedContextConfiguration = [MergedContextConfiguration@5549d804 testClass = JdbcAccountRepositoryTest, locations = '{}', classes = '{class com.sobngwi.config.AppConfig}', contextInitializerClasses = '[]', activeProfiles = '{prod, test}', propertySourceLocations = '{}', propertySourceProperties = '{}', contextLoader = 'org.springframework.test.context.support.DelegatingSmartContextLoader', parent = [null]]]; transaction manager [org.springframework.jdbc.datasource.DataSourceTransactionManager@34f9669d]; rollback [true]
[Test worker] INFO com.sobngwi.entities.Account - Constructor is calling with id :[1], balance :[100.0]
[Test worker] INFO com.sobngwi.entities.Account - Constructor is calling with id :[2], balance :[120.0]
[Test worker] INFO com.sobngwi.entities.Account - Constructor is calling with id :[3], balance :[150.0]
mars 13, 2016 2:42:07 PM org.springframework.test.context.transaction.TransactionContext endTransaction
INFOS: Rolled back transaction for test context [DefaultTestContext@78e42dd testClass = JdbcAccountRepositoryTest, testInstance = com.sobngwi.repositories.JdbcAccountRepositoryTest@57d8070e, testMethod = testGetAccounts@JdbcAccountRepositoryTest, testException = [null], mergedContextConfiguration = [MergedContextConfiguration@5549d804 testClass = JdbcAccountRepositoryTest, locations = '{}', classes = '{class com.sobngwi.config.AppConfig}', contextInitializerClasses = '[]', activeProfiles = '{prod, test}', propertySourceLocations = '{}', propertySourceProperties = '{}', contextLoader = 'org.springframework.test.context.support.DelegatingSmartContextLoader', parent = [null]]].
mars 13, 2016 2:42:07 PM org.springframework.test.context.transaction.TransactionContext startTransaction
INFOS: Began transaction (1) for test context [DefaultTestContext@78e42dd testClass = JdbcAccountRepositoryTest, testInstance = com.sobngwi.repositories.JdbcAccountRepositoryTest@6f386dc9, testMethod = testGetNumberOfAccounts@JdbcAccountRepositoryTest, testException = [null], mergedContextConfiguration = [MergedContextConfiguration@5549d804 testClass = JdbcAccountRepositoryTest, locations = '{}', classes = '{class com.sobngwi.config.AppConfig}', contextInitializerClasses = '[]', activeProfiles = '{prod, test}', propertySourceLocations = '{}', propertySourceProperties = '{}', contextLoader = 'org.springframework.test.context.support.DelegatingSmartContextLoader', parent = [null]]]; transaction manager [org.springframework.jdbc.datasource.DataSourceTransactionManager@34f9669d]; rollback [true]
mars 13, 2016 2:42:07 PM org.springframework.test.context.transaction.TransactionContext endTransaction
INFOS: Rolled back transaction for test context [DefaultTestContext@78e42dd testClass = JdbcAccountRepositoryTest, testInstance = com.sobngwi.repositories.JdbcAccountRepositoryTest@6f386dc9, testMethod = testGetNumberOfAccounts@JdbcAccountRepositoryTest, testException = [null], mergedContextConfiguration = [MergedContextConfiguration@5549d804 testClass = JdbcAccountRepositoryTest, locations = '{}', classes = '{class com.sobngwi.config.AppConfig}', contextInitializerClasses = '[]', activeProfiles = '{prod, test}', propertySourceLocations = '{}', propertySourceProperties = '{}', contextLoader = 'org.springframework.test.context.support.DelegatingSmartContextLoader', parent = [null]]].
mars 13, 2016 2:42:07 PM org.springframework.test.context.transaction.TransactionContext startTransaction
INFOS: Began transaction (1) for test context [DefaultTestContext@78e42dd testClass = JdbcAccountRepositoryTest, testInstance = com.sobngwi.repositories.JdbcAccountRepositoryTest@be43666, testMethod = testDeleteAccount@JdbcAccountRepositoryTest, testException = [null], mergedContextConfiguration = [MergedContextConfiguration@5549d804 testClass = JdbcAccountRepositoryTest, locations = '{}', classes = '{class com.sobngwi.config.AppConfig}', contextInitializerClasses = '[]', activeProfiles = '{prod, test}', propertySourceLocations = '{}', propertySourceProperties = '{}', contextLoader = 'org.springframework.test.context.support.DelegatingSmartContextLoader', parent = [null]]]; transaction manager [org.springframework.jdbc.datasource.DataSourceTransactionManager@34f9669d]; rollback [true]
[Test worker] INFO com.sobngwi.entities.Account - Constructor is calling with id :[1], balance :[100.0]
[Test worker] INFO com.sobngwi.entities.Account - Constructor is calling with id :[2], balance :[120.0]
[Test worker] INFO com.sobngwi.entities.Account - Constructor is calling with id :[3], balance :[150.0]
mars 13, 2016 2:42:07 PM org.springframework.test.context.transaction.TransactionContext endTransaction
INFOS: Rolled back transaction for test context [DefaultTestContext@78e42dd testClass = JdbcAccountRepositoryTest, testInstance = com.sobngwi.repositories.JdbcAccountRepositoryTest@be43666, testMethod = testDeleteAccount@JdbcAccountRepositoryTest, testException = [null], mergedContextConfiguration = [MergedContextConfiguration@5549d804 testClass = JdbcAccountRepositoryTest, locations = '{}', classes = '{class com.sobngwi.config.AppConfig}', contextInitializerClasses = '[]', activeProfiles = '{prod, test}', propertySourceLocations = '{}', propertySourceProperties = '{}', contextLoader = 'org.springframework.test.context.support.DelegatingSmartContextLoader', parent = [null]]].
]]></system-err>
</testsuite>
